2020-04-19 08:56:34 DEBUG TestBase:27 - Started Executing the browser Initilization and URL setup()
2020-04-19 08:56:34 DEBUG TestBase:28 - create objetc for properties class
2020-04-19 08:56:34 DEBUG TestBase:30 - read the property file
2020-04-19 08:56:34 DEBUG TestBase:32 - load the properties
2020-04-19 08:56:34 DEBUG TestBase:34 - getting the browser value from properties file
2020-04-19 08:56:34 DEBUG TestBase:36 - browsername is-->chrome
2020-04-19 08:56:47 DEBUG TestBase:56 - maximize the window
2020-04-19 08:56:49 DEBUG TestBase:58 - add implicit wait
2020-04-19 08:56:49 DEBUG TestBase:60 - create Object for WebDriverWait class
2020-04-19 08:56:50 DEBUG TestBase:62 - open the application urlhttp://linkedin.com
2020-04-19 08:56:53 DEBUG SearchPeopleTest:32 - Started Executing the @BeforeClass Annotation - setup()..
2020-04-19 08:56:54 DEBUG SearchPeopleTest:36 - click on signin link in linkedin home page
2020-04-19 08:56:54 DEBUG LinkedinHomePage:60 - checking whether signin lick is clickable or not in homepage
2020-04-19 08:56:55 DEBUG LinkedinHomePage:62 - click on signin link in homepage
2020-04-19 08:56:56 DEBUG SearchPeopleTest:38 - do login 
2020-04-19 08:56:56 DEBUG LinkedinHomePage:105 - clear the content in emaileditbox
2020-04-19 08:56:56 DEBUG LinkedinHomePage:107 - type the email in emaileditbox:rameshqaonline@gmail.com
2020-04-19 08:56:56 DEBUG LinkedinHomePage:109 - clear the content in passwordeditbox
2020-04-19 08:56:57 DEBUG LinkedinHomePage:111 - type the password in emaileditbox:welcome123$
2020-04-19 08:56:57 DEBUG LinkedinHomePage:113 - click on signin button
2020-04-19 08:57:11 DEBUG SearchPeopleTest:40 - verify the logged in page element
2020-04-19 08:57:11 DEBUG LinkedinLoggedinPage:38 - wait for the profile rail card
2020-04-19 08:57:11 DEBUG LinkedinLoggedinPage:40 - assert the profile rail card element
2020-04-19 08:57:19 DEBUG TestUtil:62 - number of rows in the excel sheet is-->4
2020-04-19 08:57:19 DEBUG TestUtil:64 - number of columns in the excel sheet is -->1
2020-04-19 08:57:19 DEBUG SearchPeopleTest:54 - started executing the @Test search test ...
2020-04-19 08:57:19 DEBUG LinkedinLoggedinPage:56 - type the people search Divya in search editbox
2020-04-19 08:57:20 DEBUG LinkedinLoggedinPage:59 - click on searc htorch icon
2020-04-19 08:57:25 DEBUG SearchResultsPage:23 - waiting for the search results page title -- Search | LinkedIn
2020-04-19 08:57:25 DEBUG SearchResultsPage:31 - wait for the search results text
2020-04-19 08:57:25 DEBUG SearchResultsPage:33 - getting the results text from webpage
2020-04-19 08:57:25 DEBUG SearchResultsPage:39 - results count in string format is-->135,050
2020-04-19 08:57:25 DEBUG SearchPeopleTest:57 - results count for keyword: Divya is :135050
2020-04-19 08:57:25 DEBUG SearchPeopleTest:58 - clicking on home tab 
2020-04-19 08:57:29 DEBUG SearchPeopleTest:54 - started executing the @Test search test ...
2020-04-19 08:57:29 DEBUG LinkedinLoggedinPage:56 - type the people search suguna in search editbox
2020-04-19 08:57:30 DEBUG LinkedinLoggedinPage:59 - click on searc htorch icon
2020-04-19 08:57:35 DEBUG SearchResultsPage:23 - waiting for the search results page title -- Search | LinkedIn
2020-04-19 08:57:35 DEBUG SearchResultsPage:31 - wait for the search results text
2020-04-19 08:57:35 DEBUG SearchResultsPage:33 - getting the results text from webpage
2020-04-19 08:57:35 DEBUG SearchResultsPage:39 - results count in string format is-->8,332
2020-04-19 08:57:35 DEBUG SearchPeopleTest:57 - results count for keyword: suguna is :8332
2020-04-19 08:57:35 DEBUG SearchPeopleTest:58 - clicking on home tab 
2020-04-19 08:57:39 DEBUG SearchPeopleTest:54 - started executing the @Test search test ...
2020-04-19 08:57:39 DEBUG LinkedinLoggedinPage:56 - type the people search parimala in search editbox
2020-04-19 08:57:40 DEBUG LinkedinLoggedinPage:59 - click on searc htorch icon
2020-04-19 08:57:45 DEBUG SearchResultsPage:23 - waiting for the search results page title -- Search | LinkedIn
2020-04-19 08:57:45 DEBUG SearchResultsPage:31 - wait for the search results text
2020-04-19 08:57:45 DEBUG SearchResultsPage:33 - getting the results text from webpage
2020-04-19 08:57:45 DEBUG SearchResultsPage:39 - results count in string format is-->3,229
2020-04-19 08:57:45 DEBUG SearchPeopleTest:57 - results count for keyword: parimala is :3229
2020-04-19 08:57:45 DEBUG SearchPeopleTest:58 - clicking on home tab 
2020-04-19 08:57:49 DEBUG SearchPeopleTest:54 - started executing the @Test search test ...
2020-04-19 08:57:49 DEBUG LinkedinLoggedinPage:56 - type the people search vasu in search editbox
2020-04-19 08:57:49 DEBUG LinkedinLoggedinPage:59 - click on searc htorch icon
2020-04-19 08:57:54 DEBUG SearchResultsPage:23 - waiting for the search results page title -- Search | LinkedIn
2020-04-19 08:57:54 DEBUG SearchResultsPage:31 - wait for the search results text
2020-04-19 08:57:54 DEBUG SearchResultsPage:33 - getting the results text from webpage
2020-04-19 08:57:54 DEBUG SearchResultsPage:39 - results count in string format is-->30,232
2020-04-19 08:57:54 DEBUG SearchPeopleTest:57 - results count for keyword: vasu is :30232
2020-04-19 08:57:54 DEBUG SearchPeopleTest:58 - clicking on home tab 
2020-04-19 08:57:58 DEBUG SearchPeopleTest:46 - executing the @AfterClass - tearDown
2020-04-19 08:57:58 DEBUG SearchPeopleTest:47 - logout from application
2020-04-19 08:57:58 DEBUG LinkedinLoggedinPage:46 - click on profile image icon
2020-04-19 08:57:58 DEBUG LinkedinLoggedinPage:49 - waiting for the element signout link in the menu
2020-04-19 08:57:59 DEBUG LinkedinLoggedinPage:51 - clicking on signout link
2020-04-19 08:58:05 DEBUG cache:45 - Couldn't find template in cache for "v3html/v3-html-index.ftl"("en", UTF-8, parsed); will try to load it.
2020-04-19 08:58:05 DEBUG cache:45 - TemplateLoader.findTemplateSource("v3html/v3-html-index_en.ftl"): Not found
2020-04-19 08:58:05 DEBUG cache:45 - TemplateLoader.findTemplateSource("v3html/v3-html-index.ftl"): Found
2020-04-19 08:58:05 DEBUG cache:45 - Loading template for "v3html/v3-html-index.ftl"("en", UTF-8, parsed) from "jar:file:/C:/Users/LENOVO/.m2/repository/com/aventstack/extentreports/4.0.9/extentreports-4.0.9.jar!/com/aventstack/extentreports/view/v3html/v3-html-index.ftl"
2020-04-19 08:58:05 DEBUG cache:45 - Couldn't find template in cache for "v3html/v3-html-head.ftl"("en", UTF-8, parsed); will try to load it.
2020-04-19 08:58:05 DEBUG cache:45 - TemplateLoader.findTemplateSource("v3html/v3-html-head_en.ftl"): Not found
2020-04-19 08:58:05 DEBUG cache:45 - TemplateLoader.findTemplateSource("v3html/v3-html-head.ftl"): Found
2020-04-19 08:58:05 DEBUG cache:45 - Loading template for "v3html/v3-html-head.ftl"("en", UTF-8, parsed) from "jar:file:/C:/Users/LENOVO/.m2/repository/com/aventstack/extentreports/4.0.9/extentreports-4.0.9.jar!/com/aventstack/extentreports/view/v3html/v3-html-head.ftl"
2020-04-19 08:58:05 DEBUG cache:45 - Couldn't find template in cache for "v3html/v3-html-nav.ftl"("en", UTF-8, parsed); will try to load it.
2020-04-19 08:58:05 DEBUG cache:45 - TemplateLoader.findTemplateSource("v3html/v3-html-nav_en.ftl"): Not found
2020-04-19 08:58:05 DEBUG cache:45 - TemplateLoader.findTemplateSource("v3html/v3-html-nav.ftl"): Found
2020-04-19 08:58:05 DEBUG cache:45 - Loading template for "v3html/v3-html-nav.ftl"("en", UTF-8, parsed) from "jar:file:/C:/Users/LENOVO/.m2/repository/com/aventstack/extentreports/4.0.9/extentreports-4.0.9.jar!/com/aventstack/extentreports/view/v3html/v3-html-nav.ftl"
2020-04-19 08:58:05 DEBUG cache:45 - Couldn't find template in cache for "v3html/test-view/v3-html-test-view.ftl"("en", UTF-8, parsed); will try to load it.
2020-04-19 08:58:06 DEBUG cache:45 - TemplateLoader.findTemplateSource("v3html/test-view/v3-html-test-view_en.ftl"): Not found
2020-04-19 08:58:06 DEBUG cache:45 - TemplateLoader.findTemplateSource("v3html/test-view/v3-html-test-view.ftl"): Found
2020-04-19 08:58:06 DEBUG cache:45 - Loading template for "v3html/test-view/v3-html-test-view.ftl"("en", UTF-8, parsed) from "jar:file:/C:/Users/LENOVO/.m2/repository/com/aventstack/extentreports/4.0.9/extentreports-4.0.9.jar!/com/aventstack/extentreports/view/v3html/test-view/v3-html-test-view.ftl"
2020-04-19 08:58:06 DEBUG cache:45 - Couldn't find template in cache for "v3html/test-view/v3-html-test-view-charts.ftl"("en", UTF-8, parsed); will try to load it.
2020-04-19 08:58:06 DEBUG cache:45 - TemplateLoader.findTemplateSource("v3html/test-view/v3-html-test-view-charts_en.ftl"): Not found
2020-04-19 08:58:06 DEBUG cache:45 - TemplateLoader.findTemplateSource("v3html/test-view/v3-html-test-view-charts.ftl"): Found
2020-04-19 08:58:06 DEBUG cache:45 - Loading template for "v3html/test-view/v3-html-test-view-charts.ftl"("en", UTF-8, parsed) from "jar:file:/C:/Users/LENOVO/.m2/repository/com/aventstack/extentreports/4.0.9/extentreports-4.0.9.jar!/com/aventstack/extentreports/view/v3html/test-view/v3-html-test-view-charts.ftl"
2020-04-19 08:58:06 DEBUG cache:45 - Couldn't find template in cache for "v3html/test-view/v3-html-standard.ftl"("en", UTF-8, parsed); will try to load it.
2020-04-19 08:58:06 DEBUG cache:45 - TemplateLoader.findTemplateSource("v3html/test-view/v3-html-standard_en.ftl"): Not found
2020-04-19 08:58:06 DEBUG cache:45 - TemplateLoader.findTemplateSource("v3html/test-view/v3-html-standard.ftl"): Found
2020-04-19 08:58:06 DEBUG cache:45 - Loading template for "v3html/test-view/v3-html-standard.ftl"("en", UTF-8, parsed) from "jar:file:/C:/Users/LENOVO/.m2/repository/com/aventstack/extentreports/4.0.9/extentreports-4.0.9.jar!/com/aventstack/extentreports/view/v3html/test-view/v3-html-standard.ftl"
2020-04-19 08:58:06 DEBUG cache:45 - "v3html/test-view/v3-html-standard.ftl"("en", UTF-8, parsed) cached copy not yet stale; using cached.
2020-04-19 08:58:06 DEBUG cache:45 - "v3html/test-view/v3-html-standard.ftl"("en", UTF-8, parsed) cached copy not yet stale; using cached.
2020-04-19 08:58:06 DEBUG cache:45 - "v3html/test-view/v3-html-standard.ftl"("en", UTF-8, parsed) cached copy not yet stale; using cached.
2020-04-19 08:58:06 DEBUG cache:45 - Couldn't find template in cache for "v3html/category-view/v3-html-category-view.ftl"("en", UTF-8, parsed); will try to load it.
2020-04-19 08:58:06 DEBUG cache:45 - TemplateLoader.findTemplateSource("v3html/category-view/v3-html-category-view_en.ftl"): Not found
2020-04-19 08:58:06 DEBUG cache:45 - TemplateLoader.findTemplateSource("v3html/category-view/v3-html-category-view.ftl"): Found
2020-04-19 08:58:06 DEBUG cache:45 - Loading template for "v3html/category-view/v3-html-category-view.ftl"("en", UTF-8, parsed) from "jar:file:/C:/Users/LENOVO/.m2/repository/com/aventstack/extentreports/4.0.9/extentreports-4.0.9.jar!/com/aventstack/extentreports/view/v3html/category-view/v3-html-category-view.ftl"
2020-04-19 08:58:06 DEBUG cache:45 - Couldn't find template in cache for "v3html/exception-view/v3-html-exception-view.ftl"("en", UTF-8, parsed); will try to load it.
2020-04-19 08:58:06 DEBUG cache:45 - TemplateLoader.findTemplateSource("v3html/exception-view/v3-html-exception-view_en.ftl"): Not found
2020-04-19 08:58:06 DEBUG cache:45 - TemplateLoader.findTemplateSource("v3html/exception-view/v3-html-exception-view.ftl"): Found
2020-04-19 08:58:06 DEBUG cache:45 - Loading template for "v3html/exception-view/v3-html-exception-view.ftl"("en", UTF-8, parsed) from "jar:file:/C:/Users/LENOVO/.m2/repository/com/aventstack/extentreports/4.0.9/extentreports-4.0.9.jar!/com/aventstack/extentreports/view/v3html/exception-view/v3-html-exception-view.ftl"
2020-04-19 08:58:06 DEBUG cache:45 - Couldn't find template in cache for "v3html/author-view/v3-html-author-view.ftl"("en", UTF-8, parsed); will try to load it.
2020-04-19 08:58:06 DEBUG cache:45 - TemplateLoader.findTemplateSource("v3html/author-view/v3-html-author-view_en.ftl"): Not found
2020-04-19 08:58:06 DEBUG cache:45 - TemplateLoader.findTemplateSource("v3html/author-view/v3-html-author-view.ftl"): Found
2020-04-19 08:58:06 DEBUG cache:45 - Loading template for "v3html/author-view/v3-html-author-view.ftl"("en", UTF-8, parsed) from "jar:file:/C:/Users/LENOVO/.m2/repository/com/aventstack/extentreports/4.0.9/extentreports-4.0.9.jar!/com/aventstack/extentreports/view/v3html/author-view/v3-html-author-view.ftl"
2020-04-19 08:58:06 DEBUG cache:45 - Couldn't find template in cache for "v3html/dashboard-view/v3-html-dashboard-view.ftl"("en", UTF-8, parsed); will try to load it.
2020-04-19 08:58:06 DEBUG cache:45 - TemplateLoader.findTemplateSource("v3html/dashboard-view/v3-html-dashboard-view_en.ftl"): Not found
2020-04-19 08:58:06 DEBUG cache:45 - TemplateLoader.findTemplateSource("v3html/dashboard-view/v3-html-dashboard-view.ftl"): Found
2020-04-19 08:58:06 DEBUG cache:45 - Loading template for "v3html/dashboard-view/v3-html-dashboard-view.ftl"("en", UTF-8, parsed) from "jar:file:/C:/Users/LENOVO/.m2/repository/com/aventstack/extentreports/4.0.9/extentreports-4.0.9.jar!/com/aventstack/extentreports/view/v3html/dashboard-view/v3-html-dashboard-view.ftl"
2020-04-19 08:58:06 DEBUG cache:45 - Couldn't find template in cache for "v3html/logs-view/v3-html-testrunner-logs-view.ftl"("en", UTF-8, parsed); will try to load it.
2020-04-19 08:58:06 DEBUG cache:45 - TemplateLoader.findTemplateSource("v3html/logs-view/v3-html-testrunner-logs-view_en.ftl"): Not found
2020-04-19 08:58:06 DEBUG cache:45 - TemplateLoader.findTemplateSource("v3html/logs-view/v3-html-testrunner-logs-view.ftl"): Found
2020-04-19 08:58:06 DEBUG cache:45 - Loading template for "v3html/logs-view/v3-html-testrunner-logs-view.ftl"("en", UTF-8, parsed) from "jar:file:/C:/Users/LENOVO/.m2/repository/com/aventstack/extentreports/4.0.9/extentreports-4.0.9.jar!/com/aventstack/extentreports/view/v3html/logs-view/v3-html-testrunner-logs-view.ftl"
